SF:lib/models/app_model.dart
DA:9,1
DA:16,3
DA:18,3
DA:19,1
DA:24,1
DA:29,1
LF:6
LH:6
end_of_record
SF:lib/models/sound_effect_model.dart
DA:8,0
DA:15,0
DA:16,0
DA:21,0
DA:26,0
DA:31,0
LF:6
LH:0
end_of_record
SF:lib/services/udp_communication.dart
DA:8,1
DA:10,2
DA:11,1
DA:13,0
DA:16,0
DA:17,0
DA:19,0
DA:20,0
DA:25,0
DA:26,0
DA:27,0
DA:28,0
DA:29,0
DA:30,0
DA:31,0
DA:34,0
DA:40,0
DA:42,1
DA:43,1
DA:46,0
DA:47,0
DA:49,0
DA:50,0
DA:53,0
DA:54,0
DA:55,0
DA:56,0
DA:57,0
DA:59,0
DA:60,0
LF:30
LH:5
end_of_record
SF:lib/viewmodels/connection_viewmodel.g.dart
DA:12,1
DA:13,2
DA:15,1
DA:17,2
DA:18,1
DA:21,0
DA:23,0
DA:24,0
DA:28,2
DA:30,1
DA:32,1
DA:34,1
DA:35,3
DA:41,0
DA:43,0
DA:46,1
DA:47,2
DA:49,1
DA:51,2
DA:54,1
DA:56,2
DA:60,0
DA:62,0
DA:65,0
DA:67,0
DA:71,0
DA:73,0
DA:76,0
DA:78,0
DA:82,0
DA:85,0
DA:86,0
LF:32
LH:16
end_of_record
SF:lib/viewmodels/connection_viewmodel.dart
DA:16,1
DA:18,4
DA:39,1
DA:41,3
DA:44,1
DA:47,0
DA:48,0
DA:52,0
DA:54,0
DA:55,0
DA:57,0
DA:58,0
DA:61,2
DA:64,3
DA:68,1
DA:71,1
DA:74,2
DA:86,0
DA:88,0
DA:89,0
DA:90,0
DA:94,0
DA:96,0
DA:103,0
DA:105,0
DA:106,0
DA:107,0
DA:110,0
DA:112,0
DA:114,0
DA:115,0
LF:31
LH:10
end_of_record
SF:lib/viewmodels/stream_deck_viewmodel.dart
DA:33,1
DA:34,1
DA:36,0
DA:37,0
DA:50,0
DA:52,0
DA:53,0
DA:56,0
DA:58,0
DA:62,0
DA:64,0
DA:65,0
DA:69,0
DA:70,0
DA:74,0
DA:78,0
DA:80,0
DA:81,0
DA:85,0
DA:87,0
DA:88,0
DA:92,0
DA:94,0
DA:95,0
DA:99,0
DA:101,0
DA:102,0
LF:27
LH:2
end_of_record
SF:lib/viewmodels/stream_deck_viewmodel.g.dart
DA:12,1
DA:13,2
DA:15,0
DA:17,0
DA:18,0
DA:21,1
DA:23,4
DA:24,1
DA:31,0
DA:33,0
DA:34,0
DA:37,0
DA:39,0
DA:40,0
DA:47,0
DA:49,0
DA:50,0
DA:53,0
DA:55,0
DA:56,0
DA:63,0
DA:65,0
DA:66,0
DA:69,0
DA:71,0
DA:72,0
DA:79,0
DA:81,0
DA:87,0
DA:89,0
DA:95,0
DA:97,0
DA:104,0
DA:106,0
DA:107,0
DA:110,1
DA:111,2
DA:113,1
DA:115,2
DA:118,1
DA:120,2
DA:124,0
DA:126,0
DA:129,0
DA:131,0
DA:135,0
DA:137,0
DA:140,0
DA:142,0
DA:146,0
DA:149,0
DA:150,0
DA:151,0
DA:152,0
DA:153,0
LF:55
LH:11
end_of_record
